<?xml version="1.0" encoding="utf-8"?><testsuites name="pytest tests"><testsuite name="pytest" errors="0" failures="0" skipped="0" tests="26" time="5.355" timestamp="2026-08-29T22:47:24.538836+00:00" hostname="agent-env-2e0380a2-abe5-449d-ba39-6e4755f852c9"><testcase classname="tests.backend_test.TestAuth" name="test_root" time="0.198" /><testcase classname="tests.backend_test.TestProducts" name="test_list_products" time="0.205" /><testcase classname="tests.backend_test.TestAuth" name="test_register_new_customer" time="0.380" /><testcase classname="tests.backend_test.TestProducts" name="test_products_filter_offers" time="0.043" /><testcase classname="tests.backend_test.TestProducts" name="test_products_search" time="0.225" /><testcase classname="tests.backend_test.TestProducts" name="test_categories" time="0.043" /><testcase classname="tests.backend_test.TestProducts" name="test_get_product_by_id" time="0.132" /><testcase classname="tests.backend_test.TestAuth" name="test_login_seeded_and_me" time="1.221" /><testcase classname="tests.backend_test.TestProducts" name="test_manager_crud_full" time="1.052" /><testcase classname="tests.backend_test.TestAuth" name="test_login_wrong_password" time="0.458" /><testcase classname="tests.backend_test.TestAuth" name="test_me_unauth" time="0.055" /><testcase classname="tests.backend_test.TestOrders" name="test_order_stores_location" time="0.886" /><testcase classname="tests.backend_test.TestOrders" name="test_my_orders_lists" time="0.052" /><testcase classname="tests.backend_test.TestRBAC" name="test_customer_cannot_hit_admin" time="0.335" /><testcase classname="tests.backend_test.TestOrders" name="test_get_order_by_id" time="0.051" /><testcase classname="tests.backend_test.TestOrders" name="test_other_customer_cannot_see_order" time="0.490" /><testcase classname="tests.backend_test.TestRBAC" name="test_delivery_cannot_create_product" time="0.496" /><testcase classname="tests.backend_test.TestRBAC" name="test_customer_cannot_lookup_catalog" time="0.094" /><testcase classname="tests.backend_test.TestAdmin" name="test_stats" time="0.046" /><testcase classname="tests.backend_test.TestAdmin" name="test_admin_orders_filter" time="0.044" /><testcase classname="tests.backend_test.TestAdmin" name="test_agents_and_set_role" time="0.600" /><testcase classname="tests.backend_test.TestCatalog" name="test_lookup_known_barcode" time="0.497" /><testcase classname="tests.backend_test.TestCatalog" name="test_lookup_missing_barcode" time="0.053" /><testcase classname="tests.backend_test.TestCartFavorites" name="test_cart_flow" time="0.674" /><testcase classname="tests.backend_test.TestCartFavorites" name="test_favorites_toggle" time="0.275" /><testcase classname="tests.backend_test.TestLifecycle" name="test_full_lifecycle_and_delivery_sees_location" time="1.218" /></testsuite></testsuites>